c:\users\guillermogs2\desktop\physics2_class3 - handout\debug\vc141.pdb
c:\users\guillermogs2\desktop\physics2_class3 - handout\debug\vc141.idb
c:\users\guillermogs2\desktop\physics2_class3 - handout\debug\application.obj
c:\users\guillermogs2\desktop\physics2_class3 - handout\debug\log.obj
c:\users\guillermogs2\desktop\physics2_class3 - handout\debug\main.obj
c:\users\guillermogs2\desktop\physics2_class3 - handout\debug\moduleaudio.obj
c:\users\guillermogs2\desktop\physics2_class3 - handout\debug\moduleinput.obj
c:\users\guillermogs2\desktop\physics2_class3 - handout\debug\moduleplayer.obj
c:\users\guillermogs2\desktop\physics2_class3 - handout\debug\modulerender.obj
c:\users\guillermogs2\desktop\physics2_class3 - handout\debug\modulesceneintro.obj
c:\users\guillermogs2\desktop\physics2_class3 - handout\debug\moduletextures.obj
c:\users\guillermogs2\desktop\physics2_class3 - handout\debug\modulewindow.obj
c:\users\guillermogs2\desktop\physics2_class3 - handout\debug\modulephysics.obj
c:\users\guillermogs2\desktop\physics2_class3 - handout\debug\2d physics - class 3.exe
c:\users\guillermogs2\desktop\physics2_class3 - handout\debug\2d physics - class 3.ilk
c:\users\guillermogs2\desktop\physics2_class3 - handout\debug\2d physics - class 3.pdb
c:\users\guillermogs2\desktop\physics2_class3 - handout\debug\2d physi.746cc4c3.tlog\cl.command.1.tlog
c:\users\guillermogs2\desktop\physics2_class3 - handout\debug\2d physi.746cc4c3.tlog\cl.read.1.tlog
c:\users\guillermogs2\desktop\physics2_class3 - handout\debug\2d physi.746cc4c3.tlog\cl.write.1.tlog
c:\users\guillermogs2\desktop\physics2_class3 - handout\debug\2d physi.746cc4c3.tlog\link.command.1.tlog
c:\users\guillermogs2\desktop\physics2_class3 - handout\debug\2d physi.746cc4c3.tlog\link.read.1.tlog
c:\users\guillermogs2\desktop\physics2_class3 - handout\debug\2d physi.746cc4c3.tlog\link.write.1.tlog
