c:\users\aleixgm\desktop\-physical\3d\physics3d_class2 - handout\debug\vc140.pdb
c:\users\aleixgm\desktop\-physical\3d\physics3d_class2 - handout\debug\vc140.idb
c:\users\aleixgm\desktop\-physical\3d\physics3d_class2 - handout\debug\application.obj
c:\users\aleixgm\desktop\-physical\3d\physics3d_class2 - handout\debug\color.obj
c:\users\aleixgm\desktop\-physical\3d\physics3d_class2 - handout\debug\glmath.obj
c:\users\aleixgm\desktop\-physical\3d\physics3d_class2 - handout\debug\light.obj
c:\users\aleixgm\desktop\-physical\3d\physics3d_class2 - handout\debug\log.obj
c:\users\aleixgm\desktop\-physical\3d\physics3d_class2 - handout\debug\main.obj
c:\users\aleixgm\desktop\-physical\3d\physics3d_class2 - handout\debug\moduleaudio.obj
c:\users\aleixgm\desktop\-physical\3d\physics3d_class2 - handout\debug\modulecamera3d.obj
c:\users\aleixgm\desktop\-physical\3d\physics3d_class2 - handout\debug\moduleinput.obj
c:\users\aleixgm\desktop\-physical\3d\physics3d_class2 - handout\debug\modulephysics3d.obj
c:\users\aleixgm\desktop\-physical\3d\physics3d_class2 - handout\debug\modulerenderer3d.obj
c:\users\aleixgm\desktop\-physical\3d\physics3d_class2 - handout\debug\modulesceneintro.obj
c:\users\aleixgm\desktop\-physical\3d\physics3d_class2 - handout\debug\modulewindow.obj
c:\users\aleixgm\desktop\-physical\3d\physics3d_class2 - handout\debug\primitive.obj
c:\users\aleixgm\desktop\-physical\3d\physics3d_class2 - handout\debug\timer.obj
c:\users\aleixgm\desktop\-physical\3d\physics3d_class2 - handout\debug\3d physics - class2 handout.pdb
c:\users\aleixgm\desktop\-physical\3d\physics3d_class2 - handout\debug\3d physi.746cc4c3.tlog\cl.command.1.tlog
c:\users\aleixgm\desktop\-physical\3d\physics3d_class2 - handout\debug\3d physi.746cc4c3.tlog\cl.read.1.tlog
c:\users\aleixgm\desktop\-physical\3d\physics3d_class2 - handout\debug\3d physi.746cc4c3.tlog\cl.write.1.tlog
c:\users\aleixgm\desktop\-physical\3d\physics3d_class2 - handout\debug\3d physi.746cc4c3.tlog\link.5212-cvtres.read.1.tlog
c:\users\aleixgm\desktop\-physical\3d\physics3d_class2 - handout\debug\3d physi.746cc4c3.tlog\link.5212-cvtres.write.1.tlog
c:\users\aleixgm\desktop\-physical\3d\physics3d_class2 - handout\debug\3d physi.746cc4c3.tlog\link.5212-rc.read.1.tlog
c:\users\aleixgm\desktop\-physical\3d\physics3d_class2 - handout\debug\3d physi.746cc4c3.tlog\link.5212-rc.write.1.tlog
c:\users\aleixgm\desktop\-physical\3d\physics3d_class2 - handout\debug\3d physi.746cc4c3.tlog\link.5212.read.1.tlog
c:\users\aleixgm\desktop\-physical\3d\physics3d_class2 - handout\debug\3d physi.746cc4c3.tlog\link.5212.write.1.tlog
c:\users\aleixgm\desktop\-physical\3d\physics3d_class2 - handout\debug\3d physi.746cc4c3.tlog\link.command.1.tlog
c:\users\aleixgm\desktop\-physical\3d\physics3d_class2 - handout\debug\3d physi.746cc4c3.tlog\link.read.1.tlog
c:\users\aleixgm\desktop\-physical\3d\physics3d_class2 - handout\debug\3d physi.746cc4c3.tlog\link.write.1.tlog
