  ModulePhysics.cpp
c:\users\aleixg\desktop\-physical\physics2_class4 - handout\modulephysics.cpp(40): warning C4244: 'initializing': conversion from 'float' to 'int', possible loss of data
c:\users\aleixg\desktop\-physical\physics2_class4 - handout\modulephysics.cpp(108): warning C4244: '=': conversion from 'float' to 'int', possible loss of data
c:\users\aleixg\desktop\-physical\physics2_class4 - handout\modulephysics.cpp(109): warning C4244: '=': conversion from 'float' to 'int', possible loss of data
c:\users\aleixg\desktop\-physical\physics2_class4 - handout\modulephysics.cpp(152): warning C4018: '<': signed/unsigned mismatch
c:\users\aleixg\desktop\-physical\physics2_class4 - handout\modulephysics.cpp(295): warning C4244: 'argument': conversion from 'float32' to 'int', possible loss of data
c:\users\aleixg\desktop\-physical\physics2_class4 - handout\modulephysics.cpp(295): warning C4244: 'argument': conversion from 'const float32' to 'int', possible loss of data
c:\users\aleixg\desktop\-physical\physics2_class4 - handout\modulephysics.cpp(363): warning C4244: 'initializing': conversion from 'int' to 'float', possible loss of data
c:\users\aleixg\desktop\-physical\physics2_class4 - handout\modulephysics.cpp(364): warning C4244: 'initializing': conversion from 'int' to 'float', possible loss of data
c:\users\aleixg\desktop\-physical\physics2_class4 - handout\modulephysics.cpp(370): warning C4244: 'return': conversion from 'float32' to 'int', possible loss of data
c:\program files (x86)\microsoft visual studio 14.0\vc\include\cmath(131): warning C4577: 'noexcept' used with no exception handling mode specified; termination on exception is not guaranteed. Specify /EHsc
  Generating Code...
  Compiling...
  log.cpp
  ModuleWindow.cpp
  ModuleTextures.cpp
  ModuleSceneIntro.cpp
c:\users\aleixg\desktop\-physical\physics2_class4 - handout\modulesceneintro.cpp(196): warning C4244: 'argument': conversion from 'int' to 'float', possible loss of data
c:\users\aleixg\desktop\-physical\physics2_class4 - handout\modulesceneintro.cpp(198): warning C4244: 'argument': conversion from 'int' to 'float', possible loss of data
c:\users\aleixg\desktop\-physical\physics2_class4 - handout\modulesceneintro.cpp(200): warning C4244: 'argument': conversion from 'float' to 'int', possible loss of data
c:\users\aleixg\desktop\-physical\physics2_class4 - handout\modulesceneintro.cpp(203): warning C4244: 'argument': conversion from 'float' to 'int', possible loss of data
c:\users\aleixg\desktop\-physical\physics2_class4 - handout\modulesceneintro.cpp(211): warning C4101: 'y': unreferenced local variable
c:\users\aleixg\desktop\-physical\physics2_class4 - handout\modulesceneintro.cpp(211): warning C4101: 'x': unreferenced local variable
c:\program files (x86)\microsoft visual studio 14.0\vc\include\limits(210): warning C4577: 'noexcept' used with no exception handling mode specified; termination on exception is not guaranteed. Specify /EHsc
  ModuleRender.cpp
  ModulePlayer.cpp
  ModuleInput.cpp
  ModuleAudio.cpp
  Main.cpp
  Application.cpp
c:\program files (x86)\microsoft visual studio 14.0\vc\include\limits(210): warning C4577: 'noexcept' used with no exception handling mode specified; termination on exception is not guaranteed. Specify /EHsc
  Generating Code...
  SDL Game.vcxproj -> C:\Users\AleixG\Desktop\-Physical\Physics2_class4 - handout\Debug\2D Physics - class 4.exe
  SDL Game.vcxproj -> C:\Users\AleixG\Desktop\-Physical\Physics2_class4 - handout\Debug\2D Physics - class 4.pdb (Full PDB)
